
*** Running vivado
    with args -log main_module.vds -m64 -product Vivado -mode batch -messageDb vivado.pb -notrace -source main_module.tcl



****** Vivado v2024.2 (64-bit)
  **** SW Build 5239630 on Fri Nov 08 22:35:27 MST 2024
  **** IP Build 5239520 on Sun Nov 10 16:12:51 MST 2024
  **** SharedData Build 5239561 on Fri Nov 08 14:39:27 MST 2024
  **** Start of session at: Sun Mar 30 22:34:11 2025
    ** Copyright 1986-2022 Xilinx, Inc. All Rights Reserved.
    ** Copyright 2022-2024 Advanced Micro Devices, Inc. All Rights Reserved.

source main_module.tcl -notrace
Command: read_checkpoint -auto_incremental -incremental {C:/Users/Abner Xot/project_5/project_5.srcs/utils_1/imports/synth_1/next_state.dcp}
INFO: [Vivado 12-5825] Read reference checkpoint from C:/Users/Abner Xot/project_5/project_5.srcs/utils_1/imports/synth_1/next_state.dcp for incremental synthesis
INFO: [Vivado 12-7989] Please ensure there are no constraint changes
Command: synth_design -top main_module -part xc7a35tcpg236-1
Starting synth_design
Attempting to get a license for feature 'Synthesis' and/or device 'xc7a35t'
INFO: [Common 17-349] Got license for feature 'Synthesis' and/or device 'xc7a35t'
INFO: [Designutils 20-5440] No compile time benefit to using incremental synthesis; A full resynthesis will be run
INFO: [Designutils 20-4379] Flow is switching to default flow due to incremental criteria not met. If you would like to alter this behaviour and have the flow terminate instead, please set the following parameter config_implementation {autoIncr.Synth.RejectBehavior Terminate}
INFO: [Synth 8-7079] Multithreading enabled for synth_design using a maximum of 2 processes.
INFO: [Synth 8-7078] Launching helper process for spawning children vivado processes
INFO: [Synth 8-7075] Helper process launched with PID 9540
---------------------------------------------------------------------------------
Starting Synthesize : Time (s): cpu = 00:00:08 ; elapsed = 00:00:09 . Memory (MB): peak = 849.828 ; gain = 474.719
---------------------------------------------------------------------------------
INFO: [Synth 8-6157] synthesizing module 'main_module' [C:/Users/Abner Xot/project_5/project_5.srcs/sources_1/new/modulos.sv:1]
INFO: [Synth 8-6157] synthesizing module 'next_state' [C:/Users/Abner Xot/project_5/project_5.srcs/sources_1/new/modulos.sv:100]
INFO: [Synth 8-6157] synthesizing module 'inv' [C:/Users/Abner Xot/project_5/project_5.srcs/sources_1/new/modulos.sv:95]
INFO: [Synth 8-6155] done synthesizing module 'inv' (0#1) [C:/Users/Abner Xot/project_5/project_5.srcs/sources_1/new/modulos.sv:95]
INFO: [Synth 8-6157] synthesizing module 'and5' [C:/Users/Abner Xot/project_5/project_5.srcs/sources_1/new/modulos.sv:80]
INFO: [Synth 8-6155] done synthesizing module 'and5' (0#1) [C:/Users/Abner Xot/project_5/project_5.srcs/sources_1/new/modulos.sv:80]
INFO: [Synth 8-6157] synthesizing module 'and3' [C:/Users/Abner Xot/project_5/project_5.srcs/sources_1/new/modulos.sv:70]
INFO: [Synth 8-6155] done synthesizing module 'and3' (0#1) [C:/Users/Abner Xot/project_5/project_5.srcs/sources_1/new/modulos.sv:70]
INFO: [Synth 8-6157] synthesizing module 'and2' [C:/Users/Abner Xot/project_5/project_5.srcs/sources_1/new/modulos.sv:65]
INFO: [Synth 8-6155] done synthesizing module 'and2' (0#1) [C:/Users/Abner Xot/project_5/project_5.srcs/sources_1/new/modulos.sv:65]
INFO: [Synth 8-6157] synthesizing module 'or12' [C:/Users/Abner Xot/project_5/project_5.srcs/sources_1/new/modulos.sv:90]
INFO: [Synth 8-6155] done synthesizing module 'or12' (0#1) [C:/Users/Abner Xot/project_5/project_5.srcs/sources_1/new/modulos.sv:90]
INFO: [Synth 8-6157] synthesizing module 'and6' [C:/Users/Abner Xot/project_5/project_5.srcs/sources_1/new/modulos.sv:85]
INFO: [Synth 8-6155] done synthesizing module 'and6' (0#1) [C:/Users/Abner Xot/project_5/project_5.srcs/sources_1/new/modulos.sv:85]
INFO: [Synth 8-6155] done synthesizing module 'next_state' (0#1) [C:/Users/Abner Xot/project_5/project_5.srcs/sources_1/new/modulos.sv:100]
INFO: [Synth 8-6157] synthesizing module 'd_flipflop' [C:/Users/Abner Xot/project_5/project_5.srcs/sources_1/new/modulos.sv:145]
INFO: [Synth 8-6155] done synthesizing module 'd_flipflop' (0#1) [C:/Users/Abner Xot/project_5/project_5.srcs/sources_1/new/modulos.sv:145]
INFO: [Synth 8-6157] synthesizing module 'output_logic' [C:/Users/Abner Xot/project_5/project_5.srcs/sources_1/new/modulos.sv:178]
INFO: [Synth 8-6157] synthesizing module 'inv_alt' [C:/Users/Abner Xot/project_5/project_5.srcs/sources_1/new/modulos.sv:172]
INFO: [Synth 8-6155] done synthesizing module 'inv_alt' (0#1) [C:/Users/Abner Xot/project_5/project_5.srcs/sources_1/new/modulos.sv:172]
INFO: [Synth 8-6157] synthesizing module 'and2_alt' [C:/Users/Abner Xot/project_5/project_5.srcs/sources_1/new/modulos.sv:166]
INFO: [Synth 8-6155] done synthesizing module 'and2_alt' (0#1) [C:/Users/Abner Xot/project_5/project_5.srcs/sources_1/new/modulos.sv:166]
INFO: [Synth 8-6155] done synthesizing module 'output_logic' (0#1) [C:/Users/Abner Xot/project_5/project_5.srcs/sources_1/new/modulos.sv:178]
INFO: [Synth 8-6157] synthesizing module 'LED_indicador' [C:/Users/Abner Xot/project_5/project_5.srcs/sources_1/new/modulos.sv:205]
INFO: [Synth 8-6155] done synthesizing module 'LED_indicador' (0#1) [C:/Users/Abner Xot/project_5/project_5.srcs/sources_1/new/modulos.sv:205]
INFO: [Synth 8-6155] done synthesizing module 'main_module' (0#1) [C:/Users/Abner Xot/project_5/project_5.srcs/sources_1/new/modulos.sv:1]
---------------------------------------------------------------------------------
Finished Synthesize : Time (s): cpu = 00:00:10 ; elapsed = 00:00:11 . Memory (MB): peak = 955.012 ; gain = 579.902
---------------------------------------------------------------------------------
---------------------------------------------------------------------------------
Finished Constraint Validation : Time (s): cpu = 00:00:11 ; elapsed = 00:00:12 . Memory (MB): peak = 955.012 ; gain = 579.902
---------------------------------------------------------------------------------
---------------------------------------------------------------------------------
Start Loading Part and Timing Information
---------------------------------------------------------------------------------
Loading part: xc7a35tcpg236-1
INFO: [Device 21-403] Loading part xc7a35tcpg236-1
---------------------------------------------------------------------------------
Finished Loading Part and Timing Information : Time (s): cpu = 00:00:11 ; elapsed = 00:00:12 . Memory (MB): peak = 955.012 ; gain = 579.902
---------------------------------------------------------------------------------
---------------------------------------------------------------------------------
Finished RTL Optimization Phase 2 : Time (s): cpu = 00:00:11 ; elapsed = 00:00:12 . Memory (MB): peak = 955.012 ; gain = 579.902
---------------------------------------------------------------------------------
No constraint files found.
---------------------------------------------------------------------------------
Start RTL Component Statistics 
---------------------------------------------------------------------------------
Detailed RTL Component Info : 
+---Registers : 
	                1 Bit    Registers := 2     
---------------------------------------------------------------------------------
Finished RTL Component Statistics 
---------------------------------------------------------------------------------
---------------------------------------------------------------------------------
Start Part Resource Summary
---------------------------------------------------------------------------------
Part Resources:
DSPs: 90 (col length:60)
BRAMs: 100 (col length: RAMB18 60 RAMB36 30)
---------------------------------------------------------------------------------
Finished Part Resource Summary
---------------------------------------------------------------------------------
No constraint files found.
---------------------------------------------------------------------------------
Start Cross Boundary and Area Optimization
---------------------------------------------------------------------------------
WARNING: [Synth 8-7080] Parallel synthesis criteria is not met
---------------------------------------------------------------------------------
Finished Cross Boundary and Area Optimization : Time (s): cpu = 00:00:17 ; elapsed = 00:00:33 . Memory (MB): peak = 1110.703 ; gain = 735.594
---------------------------------------------------------------------------------
No constraint files found.
---------------------------------------------------------------------------------
Start Timing Optimization
---------------------------------------------------------------------------------
---------------------------------------------------------------------------------
Finished Timing Optimization : Time (s): cpu = 00:00:17 ; elapsed = 00:00:33 . Memory (MB): peak = 1126.484 ; gain = 751.375
---------------------------------------------------------------------------------
---------------------------------------------------------------------------------
Start Technology Mapping
---------------------------------------------------------------------------------
---------------------------------------------------------------------------------
Finished Technology Mapping : Time (s): cpu = 00:00:17 ; elapsed = 00:00:33 . Memory (MB): peak = 1126.484 ; gain = 751.375
---------------------------------------------------------------------------------
---------------------------------------------------------------------------------
Start IO Insertion
---------------------------------------------------------------------------------
---------------------------------------------------------------------------------
Start Flattening Before IO Insertion
---------------------------------------------------------------------------------
---------------------------------------------------------------------------------
Finished Flattening Before IO Insertion
---------------------------------------------------------------------------------
---------------------------------------------------------------------------------
Start Final Netlist Cleanup
---------------------------------------------------------------------------------
---------------------------------------------------------------------------------
Finished Final Netlist Cleanup
---------------------------------------------------------------------------------
---------------------------------------------------------------------------------
Finished IO Insertion : Time (s): cpu = 00:00:23 ; elapsed = 00:00:39 . Memory (MB): peak = 1327.234 ; gain = 952.125
---------------------------------------------------------------------------------
---------------------------------------------------------------------------------
Start Renaming Generated Instances
---------------------------------------------------------------------------------
---------------------------------------------------------------------------------
Finished Renaming Generated Instances : Time (s): cpu = 00:00:23 ; elapsed = 00:00:39 . Memory (MB): peak = 1327.234 ; gain = 952.125
---------------------------------------------------------------------------------
---------------------------------------------------------------------------------
Start Rebuilding User Hierarchy
---------------------------------------------------------------------------------
---------------------------------------------------------------------------------
Finished Rebuilding User Hierarchy : Time (s): cpu = 00:00:23 ; elapsed = 00:00:39 . Memory (MB): peak = 1327.234 ; gain = 952.125
---------------------------------------------------------------------------------
---------------------------------------------------------------------------------
Start Renaming Generated Ports
---------------------------------------------------------------------------------
---------------------------------------------------------------------------------
Finished Renaming Generated Ports : Time (s): cpu = 00:00:23 ; elapsed = 00:00:39 . Memory (MB): peak = 1327.234 ; gain = 952.125
---------------------------------------------------------------------------------
---------------------------------------------------------------------------------
Start Handling Custom Attributes
---------------------------------------------------------------------------------
---------------------------------------------------------------------------------
Finished Handling Custom Attributes : Time (s): cpu = 00:00:23 ; elapsed = 00:00:39 . Memory (MB): peak = 1327.234 ; gain = 952.125
---------------------------------------------------------------------------------
---------------------------------------------------------------------------------
Start Renaming Generated Nets
---------------------------------------------------------------------------------
---------------------------------------------------------------------------------
Finished Renaming Generated Nets : Time (s): cpu = 00:00:23 ; elapsed = 00:00:39 . Memory (MB): peak = 1327.234 ; gain = 952.125
---------------------------------------------------------------------------------
---------------------------------------------------------------------------------
Start Writing Synthesis Report
---------------------------------------------------------------------------------

Report BlackBoxes: 
+-+--------------+----------+
| |BlackBox name |Instances |
+-+--------------+----------+
+-+--------------+----------+

Report Cell Usage: 
+------+-----+------+
|      |Cell |Count |
+------+-----+------+
|1     |BUFG |     1|
|2     |LUT2 |     8|
|3     |LUT6 |     2|
|4     |FDCE |     2|
|5     |IBUF |     6|
|6     |OBUF |    14|
+------+-----+------+

Report Instance Areas: 
+------+-----------+-----------+------+
|      |Instance   |Module     |Cells |
+------+-----------+-----------+------+
|1     |top        |           |    33|
|2     |  dff_inst |d_flipflop |    10|
|3     |  ns_inst  |next_state |     2|
|4     |    or_x0  |or12       |     1|
|5     |    or_x1  |or12_0     |     1|
+------+-----------+-----------+------+
---------------------------------------------------------------------------------
Finished Writing Synthesis Report : Time (s): cpu = 00:00:23 ; elapsed = 00:00:39 . Memory (MB): peak = 1327.234 ; gain = 952.125
---------------------------------------------------------------------------------
Synthesis finished with 0 errors, 0 critical warnings and 1 warnings.
Synthesis Optimization Runtime : Time (s): cpu = 00:00:23 ; elapsed = 00:00:39 . Memory (MB): peak = 1327.234 ; gain = 952.125
Synthesis Optimization Complete : Time (s): cpu = 00:00:23 ; elapsed = 00:00:39 . Memory (MB): peak = 1327.234 ; gain = 952.125
INFO: [Project 1-571] Translating synthesized netlist
Netlist sorting complete. Time (s): cpu = 00:00:00 ; elapsed = 00:00:00 . Memory (MB): peak = 1341.324 ; gain = 0.000
INFO: [Project 1-570] Preparing netlist for logic optimization
INFO: [Opt 31-138] Pushed 0 inverter(s) to 0 load pin(s).
Netlist sorting complete. Time (s): cpu = 00:00:00 ; elapsed = 00:00:00 . Memory (MB): peak = 1450.387 ; gain = 0.000
INFO: [Project 1-111] Unisim Transformation Summary:
No Unisim elements were transformed.

Synth Design complete | Checksum: f15c474a
INFO: [Common 17-83] Releasing license: Synthesis
40 Infos, 1 Warnings, 0 Critical Warnings and 0 Errors encountered.
synth_design completed successfully
synth_design: Time (s): cpu = 00:00:25 ; elapsed = 00:00:44 . Memory (MB): peak = 1450.387 ; gain = 1080.770
Write ShapeDB Complete: Time (s): cpu = 00:00:00 ; elapsed = 00:00:00.001 . Memory (MB): peak = 1450.387 ; gain = 0.000
INFO: [Common 17-1381] The checkpoint 'C:/Users/Abner Xot/project_5/project_5.runs/synth_1/main_module.dcp' has been generated.
INFO: [Vivado 12-24828] Executing command : report_utilization -file main_module_utilization_synth.rpt -pb main_module_utilization_synth.pb
INFO: [Common 17-206] Exiting Vivado at Sun Mar 30 22:35:02 2025...
